This is XeTeX, Version 3.14159265-2.6-0.99992 (TeX Live 2015/W32TeX) (preloaded format=xelatex 2015.3.16)  26 APR 2015 17:08
entering extended mode
 restricted \write18 enabled.
 %&-line parsing enabled.
**./bare_jrnl_compsoc.tex
(./bare_jrnl_compsoc.tex
LaTeX2e <2014/05/01>
Babel <3.9l> and hyphenation patterns for 79 languages loaded.
(./IEEEtran.cls
Document Class: IEEEtran 2012/11/21 V1.8c by Harald Hanche-Olsen and Anders Chr
istensen
-- Based on V1.7a by Michael Shell
-- See the "IEEEtran_HOWTO" manual for usage information.
-- http://www.michaelshell.org/tex/ieeetran/
\@IEEEtrantmpdimenA=\dimen102
\@IEEEtrantmpdimenB=\dimen103
\@IEEEtrantmpcountA=\count80
\@IEEEtrantmpcountB=\count81
\@IEEEtrantmptoksA=\toks14
-- Using IEEE Computer Society mode.
LaTeX Font Info:    Try loading font information for OT1+ppl on input line 373.

(c:/usr/TnXTeX/TnXTeXLive/texmf/tex/latex/psnfss/ot1ppl.fd
File: ot1ppl.fd 2001/06/04 font definitions for OT1/ppl.
)
! Font OT1/ppl/m/n/10=pplr7t at 10.0pt not loadable: Metric (TFM) file or insta
lled font not found.
<to be read again> 
                   relax 
l.373 \normalfont
                 \selectfont
? 
! Emergency stop.
<to be read again> 
                   relax 
l.373 \normalfont
                 \selectfont
End of file on the terminal!

 
Here is how much of TeX's memory you used:
 149 strings out of 493727
 2671 string characters out of 6147873
 53043 words of memory out of 5000000
 3568 multiletter control sequences out of 15000+600000
 3640 words of font info for 14 fonts, out of 8000000 for 9000
 1328 hyphenation exceptions out of 8191
 21i,0n,19p,149b,76s stack positions out of 10000i,500n,10000p,200000b,80000s
No pages of output.
